   0  $accept : %entry% $end

   1  main : expr EOL

   2  expr : INT
   3       | LPAREN expr RPAREN
   4       | expr PLUS expr
   5       | expr TIMES expr

   6  %entry% : '\001' main

state 0
	$accept : . %entry% $end  (0)

	'\001'  shift 1
	.  error

	%entry%  goto 2


state 1
	%entry% : '\001' . main  (6)

	INT  shift 3
	LPAREN  shift 4
	.  error

	main  goto 5
	expr  goto 6


state 2
	$accept : %entry% . $end  (0)

	$end  accept


state 3
	expr : INT .  (2)

	.  reduce 2


state 4
	expr : LPAREN . expr RPAREN  (3)

	INT  shift 3
	LPAREN  shift 4
	.  error

	expr  goto 7


state 5
	%entry% : '\001' main .  (6)

	.  reduce 6


state 6
	main : expr . EOL  (1)
	expr : expr . PLUS expr  (4)
	expr : expr . TIMES expr  (5)

	PLUS  shift 8
	TIMES  shift 9
	EOL  shift 10
	.  error


state 7
	expr : LPAREN expr . RPAREN  (3)
	expr : expr . PLUS expr  (4)
	expr : expr . TIMES expr  (5)

	PLUS  shift 8
	TIMES  shift 9
	RPAREN  shift 11
	.  error


state 8
	expr : expr PLUS . expr  (4)

	INT  shift 3
	LPAREN  shift 4
	.  error

	expr  goto 12


state 9
	expr : expr TIMES . expr  (5)

	INT  shift 3
	LPAREN  shift 4
	.  error

	expr  goto 13


state 10
	main : expr EOL .  (1)

	.  reduce 1


state 11
	expr : LPAREN expr RPAREN .  (3)

	.  reduce 3


state 12
	expr : expr . PLUS expr  (4)
	expr : expr PLUS expr .  (4)
	expr : expr . TIMES expr  (5)

	TIMES  shift 9
	PLUS  reduce 4
	RPAREN  reduce 4
	EOL  reduce 4


state 13
	expr : expr . PLUS expr  (4)
	expr : expr . TIMES expr  (5)
	expr : expr TIMES expr .  (5)

	.  reduce 5


9 terminals, 4 nonterminals
7 grammar rules, 14 states
