\BOOKMARK [0][-]{part.1}{I G\351n\351ralit\351s}{}% 1
\BOOKMARK [1][-]{section.1}{Comment utiliser notre programme}{part.1}% 2
\BOOKMARK [1][-]{section.2}{Fouine}{part.1}% 3
\BOOKMARK [2][-]{subsection.2.1}{Fouine}{section.2}% 4
\BOOKMARK [2][-]{subsection.2.2}{Le langage fouine }{section.2}% 5
\BOOKMARK [1][-]{section.3}{Avancement du projet en fonction du temps}{part.1}% 6
\BOOKMARK [0][-]{part.2}{II Le projet}{}% 7
\BOOKMARK [1][-]{section.4}{Organisation du code}{part.2}% 8
\BOOKMARK [2][-]{subsection.4.1}{Liste des fichiers}{section.4}% 9
\BOOKMARK [2][-]{subsection.4.2}{Liste des programmes fouine donn\351s en exemple}{section.4}% 10
\BOOKMARK [2][-]{subsection.4.3}{Bugs d\351tect\351s et non corrig\351s}{section.4}% 11
\BOOKMARK [1][-]{section.5}{L'interpr\351teur fouine }{part.2}% 12
\BOOKMARK [2][-]{subsection.5.1}{L'interpr\351tation}{section.5}% 13
\BOOKMARK [2][-]{subsection.5.2}{Structures de donn\351es}{section.5}% 14
\BOOKMARK [2][-]{subsection.5.3}{Fonctions et fonctions r\351cursives}{section.5}% 15
\BOOKMARK [2][-]{subsection.5.4}{Les exceptions}{section.5}% 16
\BOOKMARK [2][-]{subsection.5.5}{Aspects imp\351ratifs et tableaux}{section.5}% 17
\BOOKMARK [2][-]{subsection.5.6}{Autres petites am\351liorations}{section.5}% 18
\BOOKMARK [1][-]{section.6}{La machine \340 pile SECD}{part.2}% 19
\BOOKMARK [1][-]{section.7}{Interface et interpr\351tation mixte}{part.2}% 20
\BOOKMARK [2][-]{subsection.7.1}{Puret\351 du code}{section.7}% 21
\BOOKMARK [2][-]{subsection.7.2}{Interpr\351tation mixte}{section.7}% 22
\BOOKMARK [1][-]{section.8}{Performances}{part.2}% 23
