   0  $accept : %entry% $end

   1  main : expr EOL

   2  variable : VARIABLE

   3  sexpr : variable
   4        | CONST
   5        | LPAREN expr RPAREN
   6        | UNIT

   7  expr : IF expr THEN expr ELSE expr
   8       | BEGIN expr END
   9       | PRINT expr
  10       | PRSTR
  11       | PRNL
  12       | UNIT
  13       | LET variable EGALE expr IN expr
  14       | LPAREN expr RPAREN
  15       | LET UNDERSCORE EGALE expr IN expr
  16       | expr EINSTR expr
  17       | LET variable UNIT EGALE expr IN expr
  18       | LET variable fun_arg IN expr
  19       | LET REC variable fun_arg IN expr
  20       | fun_def
  21       | TRY expr WITH EXCEPT variable IMPLIES expr
  22       | RAISE EXCEPT sexpr
  23       | LET variable EGALE REF expr IN expr
  24       | ACCESS variable
  25       | variable AFFECT expr
  26       | AMAKE sexpr
  27       | TAFFECT expr RPAREN LARROW expr
  28       | TAFFECT expr RPAREN
  29       | expr ADD expr
  30       | expr MINUS expr
  31       | MINUS expr
  32       | expr MULT expr
  33       | expr DIV expr
  34       | expr MOD expr
  35       | VARIABLE
  36       | CONST
  37       | expr AND expr
  38       | expr OR expr
  39       | NOT expr
  40       | expr EGALE expr
  41       | expr NEG expr
  42       | expr SUPS expr
  43       | expr INFS expr
  44       | expr SUPE expr
  45       | expr INFE expr
  46       | funct_call

  47  fun_arg : variable fun_arg
  48          | variable EGALE expr

  49  fun_arg2 : variable fun_arg2
  50           | variable IMPLIES expr

  51  fun_def : FUN fun_arg2

  52  funct_call : funct_call sexpr
  53             | sexpr sexpr

  54  %entry% : '\001' main

state 0
	$accept : . %entry% $end  (0)

	'\001'  shift 1
	.  error

	%entry%  goto 2


state 1
	%entry% : '\001' . main  (54)

	CONST  shift 3
	VARIABLE  shift 4
	TAFFECT  shift 5
	MINUS  shift 6
	NOT  shift 7
	PRINT  shift 8
	LET  shift 9
	IF  shift 10
	BEGIN  shift 11
	FUN  shift 12
	LPAREN  shift 13
	UNIT  shift 14
	TRY  shift 15
	RAISE  shift 16
	ACCESS  shift 17
	PRSTR  shift 18
	PRNL  shift 19
	AMAKE  shift 20
	.  error

	main  goto 21
	expr  goto 22
	variable  goto 23
	sexpr  goto 24
	fun_def  goto 25
	funct_call  goto 26


state 2
	$accept : %entry% . $end  (0)

	$end  accept


state 3
	sexpr : CONST .  (4)
	expr : CONST .  (36)

	CONST  reduce 4
	VARIABLE  reduce 4
	ADD  reduce 36
	MINUS  reduce 36
	MULT  reduce 36
	DIV  reduce 36
	MOD  reduce 36
	AND  reduce 36
	OR  reduce 36
	EGALE  reduce 36
	NEG  reduce 36
	SUPS  reduce 36
	INFS  reduce 36
	SUPE  reduce 36
	INFE  reduce 36
	IN  reduce 36
	THEN  reduce 36
	ELSE  reduce 36
	END  reduce 36
	LPAREN  reduce 4
	RPAREN  reduce 36
	UNIT  reduce 4
	EOL  reduce 36
	EINSTR  reduce 36
	WITH  reduce 36


state 4
	variable : VARIABLE .  (2)
	expr : VARIABLE .  (35)

	CONST  reduce 2
	VARIABLE  reduce 2
	ADD  reduce 35
	MINUS  reduce 35
	MULT  reduce 35
	DIV  reduce 35
	MOD  reduce 35
	AND  reduce 35
	OR  reduce 35
	EGALE  reduce 35
	NEG  reduce 35
	SUPS  reduce 35
	INFS  reduce 35
	SUPE  reduce 35
	INFE  reduce 35
	IN  reduce 35
	THEN  reduce 35
	ELSE  reduce 35
	END  reduce 35
	LPAREN  reduce 2
	RPAREN  reduce 35
	UNIT  reduce 2
	EOL  reduce 35
	EINSTR  reduce 35
	WITH  reduce 35
	AFFECT  reduce 2


state 5
	expr : TAFFECT . expr RPAREN LARROW expr  (27)
	expr : TAFFECT . expr RPAREN  (28)

	CONST  shift 3
	VARIABLE  shift 4
	TAFFECT  shift 5
	MINUS  shift 6
	NOT  shift 7
	PRINT  shift 8
	LET  shift 9
	IF  shift 10
	BEGIN  shift 11
	FUN  shift 12
	LPAREN  shift 13
	UNIT  shift 14
	TRY  shift 15
	RAISE  shift 16
	ACCESS  shift 17
	PRSTR  shift 18
	PRNL  shift 19
	AMAKE  shift 20
	.  error

	expr  goto 27
	variable  goto 23
	sexpr  goto 24
	fun_def  goto 25
	funct_call  goto 26


state 6
	expr : MINUS . expr  (31)

	CONST  shift 3
	VARIABLE  shift 4
	TAFFECT  shift 5
	MINUS  shift 6
	NOT  shift 7
	PRINT  shift 8
	LET  shift 9
	IF  shift 10
	BEGIN  shift 11
	FUN  shift 12
	LPAREN  shift 13
	UNIT  shift 14
	TRY  shift 15
	RAISE  shift 16
	ACCESS  shift 17
	PRSTR  shift 18
	PRNL  shift 19
	AMAKE  shift 20
	.  error

	expr  goto 28
	variable  goto 23
	sexpr  goto 24
	fun_def  goto 25
	funct_call  goto 26


state 7
	expr : NOT . expr  (39)

	CONST  shift 3
	VARIABLE  shift 4
	TAFFECT  shift 5
	MINUS  shift 6
	NOT  shift 7
	PRINT  shift 8
	LET  shift 9
	IF  shift 10
	BEGIN  shift 11
	FUN  shift 12
	LPAREN  shift 13
	UNIT  shift 14
	TRY  shift 15
	RAISE  shift 16
	ACCESS  shift 17
	PRSTR  shift 18
	PRNL  shift 19
	AMAKE  shift 20
	.  error

	expr  goto 29
	variable  goto 23
	sexpr  goto 24
	fun_def  goto 25
	funct_call  goto 26


state 8
	expr : PRINT . expr  (9)

	CONST  shift 3
	VARIABLE  shift 4
	TAFFECT  shift 5
	MINUS  shift 6
	NOT  shift 7
	PRINT  shift 8
	LET  shift 9
	IF  shift 10
	BEGIN  shift 11
	FUN  shift 12
	LPAREN  shift 13
	UNIT  shift 14
	TRY  shift 15
	RAISE  shift 16
	ACCESS  shift 17
	PRSTR  shift 18
	PRNL  shift 19
	AMAKE  shift 20
	.  error

	expr  goto 30
	variable  goto 23
	sexpr  goto 24
	fun_def  goto 25
	funct_call  goto 26


state 9
	expr : LET . variable EGALE expr IN expr  (13)
	expr : LET . UNDERSCORE EGALE expr IN expr  (15)
	expr : LET . variable UNIT EGALE expr IN expr  (17)
	expr : LET . variable fun_arg IN expr  (18)
	expr : LET . REC variable fun_arg IN expr  (19)
	expr : LET . variable EGALE REF expr IN expr  (23)

	VARIABLE  shift 31
	REC  shift 32
	UNDERSCORE  shift 33
	.  error

	variable  goto 34


state 10
	expr : IF . expr THEN expr ELSE expr  (7)

	CONST  shift 3
	VARIABLE  shift 4
	TAFFECT  shift 5
	MINUS  shift 6
	NOT  shift 7
	PRINT  shift 8
	LET  shift 9
	IF  shift 10
	BEGIN  shift 11
	FUN  shift 12
	LPAREN  shift 13
	UNIT  shift 14
	TRY  shift 15
	RAISE  shift 16
	ACCESS  shift 17
	PRSTR  shift 18
	PRNL  shift 19
	AMAKE  shift 20
	.  error

	expr  goto 35
	variable  goto 23
	sexpr  goto 24
	fun_def  goto 25
	funct_call  goto 26


state 11
	expr : BEGIN . expr END  (8)

	CONST  shift 3
	VARIABLE  shift 4
	TAFFECT  shift 5
	MINUS  shift 6
	NOT  shift 7
	PRINT  shift 8
	LET  shift 9
	IF  shift 10
	BEGIN  shift 11
	FUN  shift 12
	LPAREN  shift 13
	UNIT  shift 14
	TRY  shift 15
	RAISE  shift 16
	ACCESS  shift 17
	PRSTR  shift 18
	PRNL  shift 19
	AMAKE  shift 20
	.  error

	expr  goto 36
	variable  goto 23
	sexpr  goto 24
	fun_def  goto 25
	funct_call  goto 26


state 12
	fun_def : FUN . fun_arg2  (51)

	VARIABLE  shift 31
	.  error

	variable  goto 37
	fun_arg2  goto 38


state 13
	sexpr : LPAREN . expr RPAREN  (5)
	expr : LPAREN . expr RPAREN  (14)

	CONST  shift 3
	VARIABLE  shift 4
	TAFFECT  shift 5
	MINUS  shift 6
	NOT  shift 7
	PRINT  shift 8
	LET  shift 9
	IF  shift 10
	BEGIN  shift 11
	FUN  shift 12
	LPAREN  shift 13
	UNIT  shift 14
	TRY  shift 15
	RAISE  shift 16
	ACCESS  shift 17
	PRSTR  shift 18
	PRNL  shift 19
	AMAKE  shift 20
	.  error

	expr  goto 39
	variable  goto 23
	sexpr  goto 24
	fun_def  goto 25
	funct_call  goto 26


state 14
	sexpr : UNIT .  (6)
	expr : UNIT .  (12)

	CONST  reduce 6
	VARIABLE  reduce 6
	ADD  reduce 12
	MINUS  reduce 12
	MULT  reduce 12
	DIV  reduce 12
	MOD  reduce 12
	AND  reduce 12
	OR  reduce 12
	EGALE  reduce 12
	NEG  reduce 12
	SUPS  reduce 12
	INFS  reduce 12
	SUPE  reduce 12
	INFE  reduce 12
	IN  reduce 12
	THEN  reduce 12
	ELSE  reduce 12
	END  reduce 12
	LPAREN  reduce 6
	RPAREN  reduce 12
	UNIT  reduce 6
	EOL  reduce 12
	EINSTR  reduce 12
	WITH  reduce 12


state 15
	expr : TRY . expr WITH EXCEPT variable IMPLIES expr  (21)

	CONST  shift 3
	VARIABLE  shift 4
	TAFFECT  shift 5
	MINUS  shift 6
	NOT  shift 7
	PRINT  shift 8
	LET  shift 9
	IF  shift 10
	BEGIN  shift 11
	FUN  shift 12
	LPAREN  shift 13
	UNIT  shift 14
	TRY  shift 15
	RAISE  shift 16
	ACCESS  shift 17
	PRSTR  shift 18
	PRNL  shift 19
	AMAKE  shift 20
	.  error

	expr  goto 40
	variable  goto 23
	sexpr  goto 24
	fun_def  goto 25
	funct_call  goto 26


state 16
	expr : RAISE . EXCEPT sexpr  (22)

	EXCEPT  shift 41
	.  error


state 17
	expr : ACCESS . variable  (24)

	VARIABLE  shift 31
	.  error

	variable  goto 42


state 18
	expr : PRSTR .  (10)

	.  reduce 10


state 19
	expr : PRNL .  (11)

	.  reduce 11


state 20
	expr : AMAKE . sexpr  (26)

	CONST  shift 43
	VARIABLE  shift 31
	LPAREN  shift 44
	UNIT  shift 45
	.  error

	variable  goto 46
	sexpr  goto 47


state 21
	%entry% : '\001' main .  (54)

	.  reduce 54


state 22
	main : expr . EOL  (1)
	expr : expr . EINSTR expr  (16)
	expr : expr . ADD expr  (29)
	expr : expr . MINUS expr  (30)
	expr : expr . MULT expr  (32)
	expr : expr . DIV expr  (33)
	expr : expr . MOD expr  (34)
	expr : expr . AND expr  (37)
	expr : expr . OR expr  (38)
	expr : expr . EGALE expr  (40)
	expr : expr . NEG expr  (41)
	expr : expr . SUPS expr  (42)
	expr : expr . INFS expr  (43)
	expr : expr . SUPE expr  (44)
	expr : expr . INFE expr  (45)

	ADD  shift 48
	MINUS  shift 49
	MULT  shift 50
	DIV  shift 51
	MOD  shift 52
	AND  shift 53
	OR  shift 54
	EGALE  shift 55
	NEG  shift 56
	SUPS  shift 57
	INFS  shift 58
	SUPE  shift 59
	INFE  shift 60
	EOL  shift 61
	EINSTR  shift 62
	.  error


state 23
	sexpr : variable .  (3)
	expr : variable . AFFECT expr  (25)

	AFFECT  shift 63
	CONST  reduce 3
	VARIABLE  reduce 3
	LPAREN  reduce 3
	UNIT  reduce 3


state 24
	funct_call : sexpr . sexpr  (53)

	CONST  shift 43
	VARIABLE  shift 31
	LPAREN  shift 44
	UNIT  shift 45
	.  error

	variable  goto 46
	sexpr  goto 64


state 25
	expr : fun_def .  (20)

	.  reduce 20


state 26
	expr : funct_call .  (46)
	funct_call : funct_call . sexpr  (52)

	CONST  shift 43
	VARIABLE  shift 31
	LPAREN  shift 44
	UNIT  shift 45
	ADD  reduce 46
	MINUS  reduce 46
	MULT  reduce 46
	DIV  reduce 46
	MOD  reduce 46
	AND  reduce 46
	OR  reduce 46
	EGALE  reduce 46
	NEG  reduce 46
	SUPS  reduce 46
	INFS  reduce 46
	SUPE  reduce 46
	INFE  reduce 46
	IN  reduce 46
	THEN  reduce 46
	ELSE  reduce 46
	END  reduce 46
	RPAREN  reduce 46
	EOL  reduce 46
	EINSTR  reduce 46
	WITH  reduce 46

	variable  goto 46
	sexpr  goto 65


state 27
	expr : expr . EINSTR expr  (16)
	expr : TAFFECT expr . RPAREN LARROW expr  (27)
	expr : TAFFECT expr . RPAREN  (28)
	expr : expr . ADD expr  (29)
	expr : expr . MINUS expr  (30)
	expr : expr . MULT expr  (32)
	expr : expr . DIV expr  (33)
	expr : expr . MOD expr  (34)
	expr : expr . AND expr  (37)
	expr : expr . OR expr  (38)
	expr : expr . EGALE expr  (40)
	expr : expr . NEG expr  (41)
	expr : expr . SUPS expr  (42)
	expr : expr . INFS expr  (43)
	expr : expr . SUPE expr  (44)
	expr : expr . INFE expr  (45)

	ADD  shift 48
	MINUS  shift 49
	MULT  shift 50
	DIV  shift 51
	MOD  shift 52
	AND  shift 53
	OR  shift 54
	EGALE  shift 55
	NEG  shift 56
	SUPS  shift 57
	INFS  shift 58
	SUPE  shift 59
	INFE  shift 60
	RPAREN  shift 66
	EINSTR  shift 62
	.  error


state 28
	expr : expr . EINSTR expr  (16)
	expr : expr . ADD expr  (29)
	expr : expr . MINUS expr  (30)
	expr : MINUS expr .  (31)
	expr : expr . MULT expr  (32)
	expr : expr . DIV expr  (33)
	expr : expr . MOD expr  (34)
	expr : expr . AND expr  (37)
	expr : expr . OR expr  (38)
	expr : expr . EGALE expr  (40)
	expr : expr . NEG expr  (41)
	expr : expr . SUPS expr  (42)
	expr : expr . INFS expr  (43)
	expr : expr . SUPE expr  (44)
	expr : expr . INFE expr  (45)

	MULT  shift 50
	DIV  shift 51
	MOD  shift 52
	AND  shift 53
	OR  shift 54
	NEG  shift 56
	SUPS  shift 57
	INFS  shift 58
	SUPE  shift 59
	INFE  shift 60
	ADD  reduce 31
	MINUS  reduce 31
	EGALE  reduce 31
	IN  reduce 31
	THEN  reduce 31
	ELSE  reduce 31
	END  reduce 31
	RPAREN  reduce 31
	EOL  reduce 31
	EINSTR  reduce 31
	WITH  reduce 31


state 29
	expr : expr . EINSTR expr  (16)
	expr : expr . ADD expr  (29)
	expr : expr . MINUS expr  (30)
	expr : expr . MULT expr  (32)
	expr : expr . DIV expr  (33)
	expr : expr . MOD expr  (34)
	expr : expr . AND expr  (37)
	expr : expr . OR expr  (38)
	expr : NOT expr .  (39)
	expr : expr . EGALE expr  (40)
	expr : expr . NEG expr  (41)
	expr : expr . SUPS expr  (42)
	expr : expr . INFS expr  (43)
	expr : expr . SUPE expr  (44)
	expr : expr . INFE expr  (45)

	MULT  shift 50
	DIV  shift 51
	MOD  shift 52
	NEG  shift 56
	SUPS  shift 57
	INFS  shift 58
	SUPE  shift 59
	INFE  shift 60
	ADD  reduce 39
	MINUS  reduce 39
	AND  reduce 39
	OR  reduce 39
	EGALE  reduce 39
	IN  reduce 39
	THEN  reduce 39
	ELSE  reduce 39
	END  reduce 39
	RPAREN  reduce 39
	EOL  reduce 39
	EINSTR  reduce 39
	WITH  reduce 39


state 30
	expr : PRINT expr .  (9)
	expr : expr . EINSTR expr  (16)
	expr : expr . ADD expr  (29)
	expr : expr . MINUS expr  (30)
	expr : expr . MULT expr  (32)
	expr : expr . DIV expr  (33)
	expr : expr . MOD expr  (34)
	expr : expr . AND expr  (37)
	expr : expr . OR expr  (38)
	expr : expr . EGALE expr  (40)
	expr : expr . NEG expr  (41)
	expr : expr . SUPS expr  (42)
	expr : expr . INFS expr  (43)
	expr : expr . SUPE expr  (44)
	expr : expr . INFE expr  (45)

	ADD  shift 48
	MINUS  shift 49
	MULT  shift 50
	DIV  shift 51
	MOD  shift 52
	AND  shift 53
	OR  shift 54
	EGALE  shift 55
	NEG  shift 56
	SUPS  shift 57
	INFS  shift 58
	SUPE  shift 59
	INFE  shift 60
	IN  reduce 9
	THEN  reduce 9
	ELSE  reduce 9
	END  reduce 9
	RPAREN  reduce 9
	EOL  reduce 9
	EINSTR  reduce 9
	WITH  reduce 9


state 31
	variable : VARIABLE .  (2)

	.  reduce 2


state 32
	expr : LET REC . variable fun_arg IN expr  (19)

	VARIABLE  shift 31
	.  error

	variable  goto 67


state 33
	expr : LET UNDERSCORE . EGALE expr IN expr  (15)

	EGALE  shift 68
	.  error


state 34
	expr : LET variable . EGALE expr IN expr  (13)
	expr : LET variable . UNIT EGALE expr IN expr  (17)
	expr : LET variable . fun_arg IN expr  (18)
	expr : LET variable . EGALE REF expr IN expr  (23)

	VARIABLE  shift 31
	EGALE  shift 69
	UNIT  shift 70
	.  error

	variable  goto 71
	fun_arg  goto 72


state 35
	expr : IF expr . THEN expr ELSE expr  (7)
	expr : expr . EINSTR expr  (16)
	expr : expr . ADD expr  (29)
	expr : expr . MINUS expr  (30)
	expr : expr . MULT expr  (32)
	expr : expr . DIV expr  (33)
	expr : expr . MOD expr  (34)
	expr : expr . AND expr  (37)
	expr : expr . OR expr  (38)
	expr : expr . EGALE expr  (40)
	expr : expr . NEG expr  (41)
	expr : expr . SUPS expr  (42)
	expr : expr . INFS expr  (43)
	expr : expr . SUPE expr  (44)
	expr : expr . INFE expr  (45)

	ADD  shift 48
	MINUS  shift 49
	MULT  shift 50
	DIV  shift 51
	MOD  shift 52
	AND  shift 53
	OR  shift 54
	EGALE  shift 55
	NEG  shift 56
	SUPS  shift 57
	INFS  shift 58
	SUPE  shift 59
	INFE  shift 60
	THEN  shift 73
	EINSTR  shift 62
	.  error


state 36
	expr : BEGIN expr . END  (8)
	expr : expr . EINSTR expr  (16)
	expr : expr . ADD expr  (29)
	expr : expr . MINUS expr  (30)
	expr : expr . MULT expr  (32)
	expr : expr . DIV expr  (33)
	expr : expr . MOD expr  (34)
	expr : expr . AND expr  (37)
	expr : expr . OR expr  (38)
	expr : expr . EGALE expr  (40)
	expr : expr . NEG expr  (41)
	expr : expr . SUPS expr  (42)
	expr : expr . INFS expr  (43)
	expr : expr . SUPE expr  (44)
	expr : expr . INFE expr  (45)

	ADD  shift 48
	MINUS  shift 49
	MULT  shift 50
	DIV  shift 51
	MOD  shift 52
	AND  shift 53
	OR  shift 54
	EGALE  shift 55
	NEG  shift 56
	SUPS  shift 57
	INFS  shift 58
	SUPE  shift 59
	INFE  shift 60
	END  shift 74
	EINSTR  shift 62
	.  error


state 37
	fun_arg2 : variable . fun_arg2  (49)
	fun_arg2 : variable . IMPLIES expr  (50)

	VARIABLE  shift 31
	IMPLIES  shift 75
	.  error

	variable  goto 37
	fun_arg2  goto 76


state 38
	fun_def : FUN fun_arg2 .  (51)

	.  reduce 51


state 39
	sexpr : LPAREN expr . RPAREN  (5)
	expr : LPAREN expr . RPAREN  (14)
	expr : expr . EINSTR expr  (16)
	expr : expr . ADD expr  (29)
	expr : expr . MINUS expr  (30)
	expr : expr . MULT expr  (32)
	expr : expr . DIV expr  (33)
	expr : expr . MOD expr  (34)
	expr : expr . AND expr  (37)
	expr : expr . OR expr  (38)
	expr : expr . EGALE expr  (40)
	expr : expr . NEG expr  (41)
	expr : expr . SUPS expr  (42)
	expr : expr . INFS expr  (43)
	expr : expr . SUPE expr  (44)
	expr : expr . INFE expr  (45)

	ADD  shift 48
	MINUS  shift 49
	MULT  shift 50
	DIV  shift 51
	MOD  shift 52
	AND  shift 53
	OR  shift 54
	EGALE  shift 55
	NEG  shift 56
	SUPS  shift 57
	INFS  shift 58
	SUPE  shift 59
	INFE  shift 60
	RPAREN  shift 77
	EINSTR  shift 62
	.  error


state 40
	expr : expr . EINSTR expr  (16)
	expr : TRY expr . WITH EXCEPT variable IMPLIES expr  (21)
	expr : expr . ADD expr  (29)
	expr : expr . MINUS expr  (30)
	expr : expr . MULT expr  (32)
	expr : expr . DIV expr  (33)
	expr : expr . MOD expr  (34)
	expr : expr . AND expr  (37)
	expr : expr . OR expr  (38)
	expr : expr . EGALE expr  (40)
	expr : expr . NEG expr  (41)
	expr : expr . SUPS expr  (42)
	expr : expr . INFS expr  (43)
	expr : expr . SUPE expr  (44)
	expr : expr . INFE expr  (45)

	ADD  shift 48
	MINUS  shift 49
	MULT  shift 50
	DIV  shift 51
	MOD  shift 52
	AND  shift 53
	OR  shift 54
	EGALE  shift 55
	NEG  shift 56
	SUPS  shift 57
	INFS  shift 58
	SUPE  shift 59
	INFE  shift 60
	EINSTR  shift 62
	WITH  shift 78
	.  error


state 41
	expr : RAISE EXCEPT . sexpr  (22)

	CONST  shift 43
	VARIABLE  shift 31
	LPAREN  shift 44
	UNIT  shift 45
	.  error

	variable  goto 46
	sexpr  goto 79


state 42
	expr : ACCESS variable .  (24)

	.  reduce 24


state 43
	sexpr : CONST .  (4)

	.  reduce 4


state 44
	sexpr : LPAREN . expr RPAREN  (5)

	CONST  shift 3
	VARIABLE  shift 4
	TAFFECT  shift 5
	MINUS  shift 6
	NOT  shift 7
	PRINT  shift 8
	LET  shift 9
	IF  shift 10
	BEGIN  shift 11
	FUN  shift 12
	LPAREN  shift 13
	UNIT  shift 14
	TRY  shift 15
	RAISE  shift 16
	ACCESS  shift 17
	PRSTR  shift 18
	PRNL  shift 19
	AMAKE  shift 20
	.  error

	expr  goto 80
	variable  goto 23
	sexpr  goto 24
	fun_def  goto 25
	funct_call  goto 26


state 45
	sexpr : UNIT .  (6)

	.  reduce 6


state 46
	sexpr : variable .  (3)

	.  reduce 3


state 47
	expr : AMAKE sexpr .  (26)

	.  reduce 26


state 48
	expr : expr ADD . expr  (29)

	CONST  shift 3
	VARIABLE  shift 4
	TAFFECT  shift 5
	MINUS  shift 6
	NOT  shift 7
	PRINT  shift 8
	LET  shift 9
	IF  shift 10
	BEGIN  shift 11
	FUN  shift 12
	LPAREN  shift 13
	UNIT  shift 14
	TRY  shift 15
	RAISE  shift 16
	ACCESS  shift 17
	PRSTR  shift 18
	PRNL  shift 19
	AMAKE  shift 20
	.  error

	expr  goto 81
	variable  goto 23
	sexpr  goto 24
	fun_def  goto 25
	funct_call  goto 26


state 49
	expr : expr MINUS . expr  (30)

	CONST  shift 3
	VARIABLE  shift 4
	TAFFECT  shift 5
	MINUS  shift 6
	NOT  shift 7
	PRINT  shift 8
	LET  shift 9
	IF  shift 10
	BEGIN  shift 11
	FUN  shift 12
	LPAREN  shift 13
	UNIT  shift 14
	TRY  shift 15
	RAISE  shift 16
	ACCESS  shift 17
	PRSTR  shift 18
	PRNL  shift 19
	AMAKE  shift 20
	.  error

	expr  goto 82
	variable  goto 23
	sexpr  goto 24
	fun_def  goto 25
	funct_call  goto 26


state 50
	expr : expr MULT . expr  (32)

	CONST  shift 3
	VARIABLE  shift 4
	TAFFECT  shift 5
	MINUS  shift 6
	NOT  shift 7
	PRINT  shift 8
	LET  shift 9
	IF  shift 10
	BEGIN  shift 11
	FUN  shift 12
	LPAREN  shift 13
	UNIT  shift 14
	TRY  shift 15
	RAISE  shift 16
	ACCESS  shift 17
	PRSTR  shift 18
	PRNL  shift 19
	AMAKE  shift 20
	.  error

	expr  goto 83
	variable  goto 23
	sexpr  goto 24
	fun_def  goto 25
	funct_call  goto 26


state 51
	expr : expr DIV . expr  (33)

	CONST  shift 3
	VARIABLE  shift 4
	TAFFECT  shift 5
	MINUS  shift 6
	NOT  shift 7
	PRINT  shift 8
	LET  shift 9
	IF  shift 10
	BEGIN  shift 11
	FUN  shift 12
	LPAREN  shift 13
	UNIT  shift 14
	TRY  shift 15
	RAISE  shift 16
	ACCESS  shift 17
	PRSTR  shift 18
	PRNL  shift 19
	AMAKE  shift 20
	.  error

	expr  goto 84
	variable  goto 23
	sexpr  goto 24
	fun_def  goto 25
	funct_call  goto 26


state 52
	expr : expr MOD . expr  (34)

	CONST  shift 3
	VARIABLE  shift 4
	TAFFECT  shift 5
	MINUS  shift 6
	NOT  shift 7
	PRINT  shift 8
	LET  shift 9
	IF  shift 10
	BEGIN  shift 11
	FUN  shift 12
	LPAREN  shift 13
	UNIT  shift 14
	TRY  shift 15
	RAISE  shift 16
	ACCESS  shift 17
	PRSTR  shift 18
	PRNL  shift 19
	AMAKE  shift 20
	.  error

	expr  goto 85
	variable  goto 23
	sexpr  goto 24
	fun_def  goto 25
	funct_call  goto 26


state 53
	expr : expr AND . expr  (37)

	CONST  shift 3
	VARIABLE  shift 4
	TAFFECT  shift 5
	MINUS  shift 6
	NOT  shift 7
	PRINT  shift 8
	LET  shift 9
	IF  shift 10
	BEGIN  shift 11
	FUN  shift 12
	LPAREN  shift 13
	UNIT  shift 14
	TRY  shift 15
	RAISE  shift 16
	ACCESS  shift 17
	PRSTR  shift 18
	PRNL  shift 19
	AMAKE  shift 20
	.  error

	expr  goto 86
	variable  goto 23
	sexpr  goto 24
	fun_def  goto 25
	funct_call  goto 26


state 54
	expr : expr OR . expr  (38)

	CONST  shift 3
	VARIABLE  shift 4
	TAFFECT  shift 5
	MINUS  shift 6
	NOT  shift 7
	PRINT  shift 8
	LET  shift 9
	IF  shift 10
	BEGIN  shift 11
	FUN  shift 12
	LPAREN  shift 13
	UNIT  shift 14
	TRY  shift 15
	RAISE  shift 16
	ACCESS  shift 17
	PRSTR  shift 18
	PRNL  shift 19
	AMAKE  shift 20
	.  error

	expr  goto 87
	variable  goto 23
	sexpr  goto 24
	fun_def  goto 25
	funct_call  goto 26


state 55
	expr : expr EGALE . expr  (40)

	CONST  shift 3
	VARIABLE  shift 4
	TAFFECT  shift 5
	MINUS  shift 6
	NOT  shift 7
	PRINT  shift 8
	LET  shift 9
	IF  shift 10
	BEGIN  shift 11
	FUN  shift 12
	LPAREN  shift 13
	UNIT  shift 14
	TRY  shift 15
	RAISE  shift 16
	ACCESS  shift 17
	PRSTR  shift 18
	PRNL  shift 19
	AMAKE  shift 20
	.  error

	expr  goto 88
	variable  goto 23
	sexpr  goto 24
	fun_def  goto 25
	funct_call  goto 26


state 56
	expr : expr NEG . expr  (41)

	CONST  shift 3
	VARIABLE  shift 4
	TAFFECT  shift 5
	MINUS  shift 6
	NOT  shift 7
	PRINT  shift 8
	LET  shift 9
	IF  shift 10
	BEGIN  shift 11
	FUN  shift 12
	LPAREN  shift 13
	UNIT  shift 14
	TRY  shift 15
	RAISE  shift 16
	ACCESS  shift 17
	PRSTR  shift 18
	PRNL  shift 19
	AMAKE  shift 20
	.  error

	expr  goto 89
	variable  goto 23
	sexpr  goto 24
	fun_def  goto 25
	funct_call  goto 26


state 57
	expr : expr SUPS . expr  (42)

	CONST  shift 3
	VARIABLE  shift 4
	TAFFECT  shift 5
	MINUS  shift 6
	NOT  shift 7
	PRINT  shift 8
	LET  shift 9
	IF  shift 10
	BEGIN  shift 11
	FUN  shift 12
	LPAREN  shift 13
	UNIT  shift 14
	TRY  shift 15
	RAISE  shift 16
	ACCESS  shift 17
	PRSTR  shift 18
	PRNL  shift 19
	AMAKE  shift 20
	.  error

	expr  goto 90
	variable  goto 23
	sexpr  goto 24
	fun_def  goto 25
	funct_call  goto 26


state 58
	expr : expr INFS . expr  (43)

	CONST  shift 3
	VARIABLE  shift 4
	TAFFECT  shift 5
	MINUS  shift 6
	NOT  shift 7
	PRINT  shift 8
	LET  shift 9
	IF  shift 10
	BEGIN  shift 11
	FUN  shift 12
	LPAREN  shift 13
	UNIT  shift 14
	TRY  shift 15
	RAISE  shift 16
	ACCESS  shift 17
	PRSTR  shift 18
	PRNL  shift 19
	AMAKE  shift 20
	.  error

	expr  goto 91
	variable  goto 23
	sexpr  goto 24
	fun_def  goto 25
	funct_call  goto 26


state 59
	expr : expr SUPE . expr  (44)

	CONST  shift 3
	VARIABLE  shift 4
	TAFFECT  shift 5
	MINUS  shift 6
	NOT  shift 7
	PRINT  shift 8
	LET  shift 9
	IF  shift 10
	BEGIN  shift 11
	FUN  shift 12
	LPAREN  shift 13
	UNIT  shift 14
	TRY  shift 15
	RAISE  shift 16
	ACCESS  shift 17
	PRSTR  shift 18
	PRNL  shift 19
	AMAKE  shift 20
	.  error

	expr  goto 92
	variable  goto 23
	sexpr  goto 24
	fun_def  goto 25
	funct_call  goto 26


state 60
	expr : expr INFE . expr  (45)

	CONST  shift 3
	VARIABLE  shift 4
	TAFFECT  shift 5
	MINUS  shift 6
	NOT  shift 7
	PRINT  shift 8
	LET  shift 9
	IF  shift 10
	BEGIN  shift 11
	FUN  shift 12
	LPAREN  shift 13
	UNIT  shift 14
	TRY  shift 15
	RAISE  shift 16
	ACCESS  shift 17
	PRSTR  shift 18
	PRNL  shift 19
	AMAKE  shift 20
	.  error

	expr  goto 93
	variable  goto 23
	sexpr  goto 24
	fun_def  goto 25
	funct_call  goto 26


state 61
	main : expr EOL .  (1)

	.  reduce 1


state 62
	expr : expr EINSTR . expr  (16)

	CONST  shift 3
	VARIABLE  shift 4
	TAFFECT  shift 5
	MINUS  shift 6
	NOT  shift 7
	PRINT  shift 8
	LET  shift 9
	IF  shift 10
	BEGIN  shift 11
	FUN  shift 12
	LPAREN  shift 13
	UNIT  shift 14
	TRY  shift 15
	RAISE  shift 16
	ACCESS  shift 17
	PRSTR  shift 18
	PRNL  shift 19
	AMAKE  shift 20
	.  error

	expr  goto 94
	variable  goto 23
	sexpr  goto 24
	fun_def  goto 25
	funct_call  goto 26


state 63
	expr : variable AFFECT . expr  (25)

	CONST  shift 3
	VARIABLE  shift 4
	TAFFECT  shift 5
	MINUS  shift 6
	NOT  shift 7
	PRINT  shift 8
	LET  shift 9
	IF  shift 10
	BEGIN  shift 11
	FUN  shift 12
	LPAREN  shift 13
	UNIT  shift 14
	TRY  shift 15
	RAISE  shift 16
	ACCESS  shift 17
	PRSTR  shift 18
	PRNL  shift 19
	AMAKE  shift 20
	.  error

	expr  goto 95
	variable  goto 23
	sexpr  goto 24
	fun_def  goto 25
	funct_call  goto 26


state 64
	funct_call : sexpr sexpr .  (53)

	.  reduce 53


state 65
	funct_call : funct_call sexpr .  (52)

	.  reduce 52


state 66
	expr : TAFFECT expr RPAREN . LARROW expr  (27)
	expr : TAFFECT expr RPAREN .  (28)

	LARROW  shift 96
	ADD  reduce 28
	MINUS  reduce 28
	MULT  reduce 28
	DIV  reduce 28
	MOD  reduce 28
	AND  reduce 28
	OR  reduce 28
	EGALE  reduce 28
	NEG  reduce 28
	SUPS  reduce 28
	INFS  reduce 28
	SUPE  reduce 28
	INFE  reduce 28
	IN  reduce 28
	THEN  reduce 28
	ELSE  reduce 28
	END  reduce 28
	RPAREN  reduce 28
	EOL  reduce 28
	EINSTR  reduce 28
	WITH  reduce 28


state 67
	expr : LET REC variable . fun_arg IN expr  (19)

	VARIABLE  shift 31
	.  error

	variable  goto 71
	fun_arg  goto 97


state 68
	expr : LET UNDERSCORE EGALE . expr IN expr  (15)

	CONST  shift 3
	VARIABLE  shift 4
	TAFFECT  shift 5
	MINUS  shift 6
	NOT  shift 7
	PRINT  shift 8
	LET  shift 9
	IF  shift 10
	BEGIN  shift 11
	FUN  shift 12
	LPAREN  shift 13
	UNIT  shift 14
	TRY  shift 15
	RAISE  shift 16
	ACCESS  shift 17
	PRSTR  shift 18
	PRNL  shift 19
	AMAKE  shift 20
	.  error

	expr  goto 98
	variable  goto 23
	sexpr  goto 24
	fun_def  goto 25
	funct_call  goto 26


state 69
	expr : LET variable EGALE . expr IN expr  (13)
	expr : LET variable EGALE . REF expr IN expr  (23)

	CONST  shift 3
	VARIABLE  shift 4
	TAFFECT  shift 5
	MINUS  shift 6
	NOT  shift 7
	PRINT  shift 8
	LET  shift 9
	IF  shift 10
	BEGIN  shift 11
	FUN  shift 12
	LPAREN  shift 13
	UNIT  shift 14
	TRY  shift 15
	RAISE  shift 16
	REF  shift 99
	ACCESS  shift 17
	PRSTR  shift 18
	PRNL  shift 19
	AMAKE  shift 20
	.  error

	expr  goto 100
	variable  goto 23
	sexpr  goto 24
	fun_def  goto 25
	funct_call  goto 26


state 70
	expr : LET variable UNIT . EGALE expr IN expr  (17)

	EGALE  shift 101
	.  error


state 71
	fun_arg : variable . fun_arg  (47)
	fun_arg : variable . EGALE expr  (48)

	VARIABLE  shift 31
	EGALE  shift 102
	.  error

	variable  goto 71
	fun_arg  goto 103


state 72
	expr : LET variable fun_arg . IN expr  (18)

	IN  shift 104
	.  error


state 73
	expr : IF expr THEN . expr ELSE expr  (7)

	CONST  shift 3
	VARIABLE  shift 4
	TAFFECT  shift 5
	MINUS  shift 6
	NOT  shift 7
	PRINT  shift 8
	LET  shift 9
	IF  shift 10
	BEGIN  shift 11
	FUN  shift 12
	LPAREN  shift 13
	UNIT  shift 14
	TRY  shift 15
	RAISE  shift 16
	ACCESS  shift 17
	PRSTR  shift 18
	PRNL  shift 19
	AMAKE  shift 20
	.  error

	expr  goto 105
	variable  goto 23
	sexpr  goto 24
	fun_def  goto 25
	funct_call  goto 26


state 74
	expr : BEGIN expr END .  (8)

	.  reduce 8


state 75
	fun_arg2 : variable IMPLIES . expr  (50)

	CONST  shift 3
	VARIABLE  shift 4
	TAFFECT  shift 5
	MINUS  shift 6
	NOT  shift 7
	PRINT  shift 8
	LET  shift 9
	IF  shift 10
	BEGIN  shift 11
	FUN  shift 12
	LPAREN  shift 13
	UNIT  shift 14
	TRY  shift 15
	RAISE  shift 16
	ACCESS  shift 17
	PRSTR  shift 18
	PRNL  shift 19
	AMAKE  shift 20
	.  error

	expr  goto 106
	variable  goto 23
	sexpr  goto 24
	fun_def  goto 25
	funct_call  goto 26


state 76
	fun_arg2 : variable fun_arg2 .  (49)

	.  reduce 49


state 77
	sexpr : LPAREN expr RPAREN .  (5)
	expr : LPAREN expr RPAREN .  (14)

	CONST  reduce 5
	VARIABLE  reduce 5
	ADD  reduce 14
	MINUS  reduce 14
	MULT  reduce 14
	DIV  reduce 14
	MOD  reduce 14
	AND  reduce 14
	OR  reduce 14
	EGALE  reduce 14
	NEG  reduce 14
	SUPS  reduce 14
	INFS  reduce 14
	SUPE  reduce 14
	INFE  reduce 14
	IN  reduce 14
	THEN  reduce 14
	ELSE  reduce 14
	END  reduce 14
	LPAREN  reduce 5
	RPAREN  reduce 14
	UNIT  reduce 5
	EOL  reduce 14
	EINSTR  reduce 14
	WITH  reduce 14


state 78
	expr : TRY expr WITH . EXCEPT variable IMPLIES expr  (21)

	EXCEPT  shift 107
	.  error


state 79
	expr : RAISE EXCEPT sexpr .  (22)

	.  reduce 22


state 80
	sexpr : LPAREN expr . RPAREN  (5)
	expr : expr . EINSTR expr  (16)
	expr : expr . ADD expr  (29)
	expr : expr . MINUS expr  (30)
	expr : expr . MULT expr  (32)
	expr : expr . DIV expr  (33)
	expr : expr . MOD expr  (34)
	expr : expr . AND expr  (37)
	expr : expr . OR expr  (38)
	expr : expr . EGALE expr  (40)
	expr : expr . NEG expr  (41)
	expr : expr . SUPS expr  (42)
	expr : expr . INFS expr  (43)
	expr : expr . SUPE expr  (44)
	expr : expr . INFE expr  (45)

	ADD  shift 48
	MINUS  shift 49
	MULT  shift 50
	DIV  shift 51
	MOD  shift 52
	AND  shift 53
	OR  shift 54
	EGALE  shift 55
	NEG  shift 56
	SUPS  shift 57
	INFS  shift 58
	SUPE  shift 59
	INFE  shift 60
	RPAREN  shift 108
	EINSTR  shift 62
	.  error


state 81
	expr : expr . EINSTR expr  (16)
	expr : expr . ADD expr  (29)
	expr : expr ADD expr .  (29)
	expr : expr . MINUS expr  (30)
	expr : expr . MULT expr  (32)
	expr : expr . DIV expr  (33)
	expr : expr . MOD expr  (34)
	expr : expr . AND expr  (37)
	expr : expr . OR expr  (38)
	expr : expr . EGALE expr  (40)
	expr : expr . NEG expr  (41)
	expr : expr . SUPS expr  (42)
	expr : expr . INFS expr  (43)
	expr : expr . SUPE expr  (44)
	expr : expr . INFE expr  (45)

	MULT  shift 50
	DIV  shift 51
	MOD  shift 52
	AND  shift 53
	OR  shift 54
	NEG  shift 56
	SUPS  shift 57
	INFS  shift 58
	SUPE  shift 59
	INFE  shift 60
	ADD  reduce 29
	MINUS  reduce 29
	EGALE  reduce 29
	IN  reduce 29
	THEN  reduce 29
	ELSE  reduce 29
	END  reduce 29
	RPAREN  reduce 29
	EOL  reduce 29
	EINSTR  reduce 29
	WITH  reduce 29


state 82
	expr : expr . EINSTR expr  (16)
	expr : expr . ADD expr  (29)
	expr : expr . MINUS expr  (30)
	expr : expr MINUS expr .  (30)
	expr : expr . MULT expr  (32)
	expr : expr . DIV expr  (33)
	expr : expr . MOD expr  (34)
	expr : expr . AND expr  (37)
	expr : expr . OR expr  (38)
	expr : expr . EGALE expr  (40)
	expr : expr . NEG expr  (41)
	expr : expr . SUPS expr  (42)
	expr : expr . INFS expr  (43)
	expr : expr . SUPE expr  (44)
	expr : expr . INFE expr  (45)

	MULT  shift 50
	DIV  shift 51
	MOD  shift 52
	AND  shift 53
	OR  shift 54
	NEG  shift 56
	SUPS  shift 57
	INFS  shift 58
	SUPE  shift 59
	INFE  shift 60
	ADD  reduce 30
	MINUS  reduce 30
	EGALE  reduce 30
	IN  reduce 30
	THEN  reduce 30
	ELSE  reduce 30
	END  reduce 30
	RPAREN  reduce 30
	EOL  reduce 30
	EINSTR  reduce 30
	WITH  reduce 30


state 83
	expr : expr . EINSTR expr  (16)
	expr : expr . ADD expr  (29)
	expr : expr . MINUS expr  (30)
	expr : expr . MULT expr  (32)
	expr : expr MULT expr .  (32)
	expr : expr . DIV expr  (33)
	expr : expr . MOD expr  (34)
	expr : expr . AND expr  (37)
	expr : expr . OR expr  (38)
	expr : expr . EGALE expr  (40)
	expr : expr . NEG expr  (41)
	expr : expr . SUPS expr  (42)
	expr : expr . INFS expr  (43)
	expr : expr . SUPE expr  (44)
	expr : expr . INFE expr  (45)

	NEG  shift 56
	SUPS  shift 57
	INFS  shift 58
	SUPE  shift 59
	INFE  shift 60
	ADD  reduce 32
	MINUS  reduce 32
	MULT  reduce 32
	DIV  reduce 32
	MOD  reduce 32
	AND  reduce 32
	OR  reduce 32
	EGALE  reduce 32
	IN  reduce 32
	THEN  reduce 32
	ELSE  reduce 32
	END  reduce 32
	RPAREN  reduce 32
	EOL  reduce 32
	EINSTR  reduce 32
	WITH  reduce 32


state 84
	expr : expr . EINSTR expr  (16)
	expr : expr . ADD expr  (29)
	expr : expr . MINUS expr  (30)
	expr : expr . MULT expr  (32)
	expr : expr . DIV expr  (33)
	expr : expr DIV expr .  (33)
	expr : expr . MOD expr  (34)
	expr : expr . AND expr  (37)
	expr : expr . OR expr  (38)
	expr : expr . EGALE expr  (40)
	expr : expr . NEG expr  (41)
	expr : expr . SUPS expr  (42)
	expr : expr . INFS expr  (43)
	expr : expr . SUPE expr  (44)
	expr : expr . INFE expr  (45)

	NEG  shift 56
	SUPS  shift 57
	INFS  shift 58
	SUPE  shift 59
	INFE  shift 60
	ADD  reduce 33
	MINUS  reduce 33
	MULT  reduce 33
	DIV  reduce 33
	MOD  reduce 33
	AND  reduce 33
	OR  reduce 33
	EGALE  reduce 33
	IN  reduce 33
	THEN  reduce 33
	ELSE  reduce 33
	END  reduce 33
	RPAREN  reduce 33
	EOL  reduce 33
	EINSTR  reduce 33
	WITH  reduce 33


state 85
	expr : expr . EINSTR expr  (16)
	expr : expr . ADD expr  (29)
	expr : expr . MINUS expr  (30)
	expr : expr . MULT expr  (32)
	expr : expr . DIV expr  (33)
	expr : expr . MOD expr  (34)
	expr : expr MOD expr .  (34)
	expr : expr . AND expr  (37)
	expr : expr . OR expr  (38)
	expr : expr . EGALE expr  (40)
	expr : expr . NEG expr  (41)
	expr : expr . SUPS expr  (42)
	expr : expr . INFS expr  (43)
	expr : expr . SUPE expr  (44)
	expr : expr . INFE expr  (45)

	NEG  shift 56
	SUPS  shift 57
	INFS  shift 58
	SUPE  shift 59
	INFE  shift 60
	ADD  reduce 34
	MINUS  reduce 34
	MULT  reduce 34
	DIV  reduce 34
	MOD  reduce 34
	AND  reduce 34
	OR  reduce 34
	EGALE  reduce 34
	IN  reduce 34
	THEN  reduce 34
	ELSE  reduce 34
	END  reduce 34
	RPAREN  reduce 34
	EOL  reduce 34
	EINSTR  reduce 34
	WITH  reduce 34


state 86
	expr : expr . EINSTR expr  (16)
	expr : expr . ADD expr  (29)
	expr : expr . MINUS expr  (30)
	expr : expr . MULT expr  (32)
	expr : expr . DIV expr  (33)
	expr : expr . MOD expr  (34)
	expr : expr . AND expr  (37)
	expr : expr AND expr .  (37)
	expr : expr . OR expr  (38)
	expr : expr . EGALE expr  (40)
	expr : expr . NEG expr  (41)
	expr : expr . SUPS expr  (42)
	expr : expr . INFS expr  (43)
	expr : expr . SUPE expr  (44)
	expr : expr . INFE expr  (45)

	MULT  shift 50
	DIV  shift 51
	MOD  shift 52
	NEG  shift 56
	SUPS  shift 57
	INFS  shift 58
	SUPE  shift 59
	INFE  shift 60
	ADD  reduce 37
	MINUS  reduce 37
	AND  reduce 37
	OR  reduce 37
	EGALE  reduce 37
	IN  reduce 37
	THEN  reduce 37
	ELSE  reduce 37
	END  reduce 37
	RPAREN  reduce 37
	EOL  reduce 37
	EINSTR  reduce 37
	WITH  reduce 37


state 87
	expr : expr . EINSTR expr  (16)
	expr : expr . ADD expr  (29)
	expr : expr . MINUS expr  (30)
	expr : expr . MULT expr  (32)
	expr : expr . DIV expr  (33)
	expr : expr . MOD expr  (34)
	expr : expr . AND expr  (37)
	expr : expr . OR expr  (38)
	expr : expr OR expr .  (38)
	expr : expr . EGALE expr  (40)
	expr : expr . NEG expr  (41)
	expr : expr . SUPS expr  (42)
	expr : expr . INFS expr  (43)
	expr : expr . SUPE expr  (44)
	expr : expr . INFE expr  (45)

	MULT  shift 50
	DIV  shift 51
	MOD  shift 52
	NEG  shift 56
	SUPS  shift 57
	INFS  shift 58
	SUPE  shift 59
	INFE  shift 60
	ADD  reduce 38
	MINUS  reduce 38
	AND  reduce 38
	OR  reduce 38
	EGALE  reduce 38
	IN  reduce 38
	THEN  reduce 38
	ELSE  reduce 38
	END  reduce 38
	RPAREN  reduce 38
	EOL  reduce 38
	EINSTR  reduce 38
	WITH  reduce 38


state 88
	expr : expr . EINSTR expr  (16)
	expr : expr . ADD expr  (29)
	expr : expr . MINUS expr  (30)
	expr : expr . MULT expr  (32)
	expr : expr . DIV expr  (33)
	expr : expr . MOD expr  (34)
	expr : expr . AND expr  (37)
	expr : expr . OR expr  (38)
	expr : expr . EGALE expr  (40)
	expr : expr EGALE expr .  (40)
	expr : expr . NEG expr  (41)
	expr : expr . SUPS expr  (42)
	expr : expr . INFS expr  (43)
	expr : expr . SUPE expr  (44)
	expr : expr . INFE expr  (45)

	ADD  shift 48
	MINUS  shift 49
	MULT  shift 50
	DIV  shift 51
	MOD  shift 52
	AND  shift 53
	OR  shift 54
	NEG  shift 56
	SUPS  shift 57
	INFS  shift 58
	SUPE  shift 59
	INFE  shift 60
	EGALE  reduce 40
	IN  reduce 40
	THEN  reduce 40
	ELSE  reduce 40
	END  reduce 40
	RPAREN  reduce 40
	EOL  reduce 40
	EINSTR  reduce 40
	WITH  reduce 40


state 89
	expr : expr . EINSTR expr  (16)
	expr : expr . ADD expr  (29)
	expr : expr . MINUS expr  (30)
	expr : expr . MULT expr  (32)
	expr : expr . DIV expr  (33)
	expr : expr . MOD expr  (34)
	expr : expr . AND expr  (37)
	expr : expr . OR expr  (38)
	expr : expr . EGALE expr  (40)
	expr : expr . NEG expr  (41)
	expr : expr NEG expr .  (41)
	expr : expr . SUPS expr  (42)
	expr : expr . INFS expr  (43)
	expr : expr . SUPE expr  (44)
	expr : expr . INFE expr  (45)

	.  reduce 41


state 90
	expr : expr . EINSTR expr  (16)
	expr : expr . ADD expr  (29)
	expr : expr . MINUS expr  (30)
	expr : expr . MULT expr  (32)
	expr : expr . DIV expr  (33)
	expr : expr . MOD expr  (34)
	expr : expr . AND expr  (37)
	expr : expr . OR expr  (38)
	expr : expr . EGALE expr  (40)
	expr : expr . NEG expr  (41)
	expr : expr . SUPS expr  (42)
	expr : expr SUPS expr .  (42)
	expr : expr . INFS expr  (43)
	expr : expr . SUPE expr  (44)
	expr : expr . INFE expr  (45)

	.  reduce 42


state 91
	expr : expr . EINSTR expr  (16)
	expr : expr . ADD expr  (29)
	expr : expr . MINUS expr  (30)
	expr : expr . MULT expr  (32)
	expr : expr . DIV expr  (33)
	expr : expr . MOD expr  (34)
	expr : expr . AND expr  (37)
	expr : expr . OR expr  (38)
	expr : expr . EGALE expr  (40)
	expr : expr . NEG expr  (41)
	expr : expr . SUPS expr  (42)
	expr : expr . INFS expr  (43)
	expr : expr INFS expr .  (43)
	expr : expr . SUPE expr  (44)
	expr : expr . INFE expr  (45)

	.  reduce 43


state 92
	expr : expr . EINSTR expr  (16)
	expr : expr . ADD expr  (29)
	expr : expr . MINUS expr  (30)
	expr : expr . MULT expr  (32)
	expr : expr . DIV expr  (33)
	expr : expr . MOD expr  (34)
	expr : expr . AND expr  (37)
	expr : expr . OR expr  (38)
	expr : expr . EGALE expr  (40)
	expr : expr . NEG expr  (41)
	expr : expr . SUPS expr  (42)
	expr : expr . INFS expr  (43)
	expr : expr . SUPE expr  (44)
	expr : expr SUPE expr .  (44)
	expr : expr . INFE expr  (45)

	.  reduce 44


state 93
	expr : expr . EINSTR expr  (16)
	expr : expr . ADD expr  (29)
	expr : expr . MINUS expr  (30)
	expr : expr . MULT expr  (32)
	expr : expr . DIV expr  (33)
	expr : expr . MOD expr  (34)
	expr : expr . AND expr  (37)
	expr : expr . OR expr  (38)
	expr : expr . EGALE expr  (40)
	expr : expr . NEG expr  (41)
	expr : expr . SUPS expr  (42)
	expr : expr . INFS expr  (43)
	expr : expr . SUPE expr  (44)
	expr : expr . INFE expr  (45)
	expr : expr INFE expr .  (45)

	.  reduce 45


state 94
	expr : expr . EINSTR expr  (16)
	expr : expr EINSTR expr .  (16)
	expr : expr . ADD expr  (29)
	expr : expr . MINUS expr  (30)
	expr : expr . MULT expr  (32)
	expr : expr . DIV expr  (33)
	expr : expr . MOD expr  (34)
	expr : expr . AND expr  (37)
	expr : expr . OR expr  (38)
	expr : expr . EGALE expr  (40)
	expr : expr . NEG expr  (41)
	expr : expr . SUPS expr  (42)
	expr : expr . INFS expr  (43)
	expr : expr . SUPE expr  (44)
	expr : expr . INFE expr  (45)

	ADD  shift 48
	MINUS  shift 49
	MULT  shift 50
	DIV  shift 51
	MOD  shift 52
	AND  shift 53
	OR  shift 54
	EGALE  shift 55
	NEG  shift 56
	SUPS  shift 57
	INFS  shift 58
	SUPE  shift 59
	INFE  shift 60
	IN  reduce 16
	THEN  reduce 16
	ELSE  reduce 16
	END  reduce 16
	RPAREN  reduce 16
	EOL  reduce 16
	EINSTR  reduce 16
	WITH  reduce 16


state 95
	expr : expr . EINSTR expr  (16)
	expr : variable AFFECT expr .  (25)
	expr : expr . ADD expr  (29)
	expr : expr . MINUS expr  (30)
	expr : expr . MULT expr  (32)
	expr : expr . DIV expr  (33)
	expr : expr . MOD expr  (34)
	expr : expr . AND expr  (37)
	expr : expr . OR expr  (38)
	expr : expr . EGALE expr  (40)
	expr : expr . NEG expr  (41)
	expr : expr . SUPS expr  (42)
	expr : expr . INFS expr  (43)
	expr : expr . SUPE expr  (44)
	expr : expr . INFE expr  (45)

	ADD  shift 48
	MINUS  shift 49
	MULT  shift 50
	DIV  shift 51
	MOD  shift 52
	AND  shift 53
	OR  shift 54
	NEG  shift 56
	SUPS  shift 57
	INFS  shift 58
	SUPE  shift 59
	INFE  shift 60
	EGALE  reduce 25
	IN  reduce 25
	THEN  reduce 25
	ELSE  reduce 25
	END  reduce 25
	RPAREN  reduce 25
	EOL  reduce 25
	EINSTR  reduce 25
	WITH  reduce 25


state 96
	expr : TAFFECT expr RPAREN LARROW . expr  (27)

	CONST  shift 3
	VARIABLE  shift 4
	TAFFECT  shift 5
	MINUS  shift 6
	NOT  shift 7
	PRINT  shift 8
	LET  shift 9
	IF  shift 10
	BEGIN  shift 11
	FUN  shift 12
	LPAREN  shift 13
	UNIT  shift 14
	TRY  shift 15
	RAISE  shift 16
	ACCESS  shift 17
	PRSTR  shift 18
	PRNL  shift 19
	AMAKE  shift 20
	.  error

	expr  goto 109
	variable  goto 23
	sexpr  goto 24
	fun_def  goto 25
	funct_call  goto 26


state 97
	expr : LET REC variable fun_arg . IN expr  (19)

	IN  shift 110
	.  error


state 98
	expr : LET UNDERSCORE EGALE expr . IN expr  (15)
	expr : expr . EINSTR expr  (16)
	expr : expr . ADD expr  (29)
	expr : expr . MINUS expr  (30)
	expr : expr . MULT expr  (32)
	expr : expr . DIV expr  (33)
	expr : expr . MOD expr  (34)
	expr : expr . AND expr  (37)
	expr : expr . OR expr  (38)
	expr : expr . EGALE expr  (40)
	expr : expr . NEG expr  (41)
	expr : expr . SUPS expr  (42)
	expr : expr . INFS expr  (43)
	expr : expr . SUPE expr  (44)
	expr : expr . INFE expr  (45)

	ADD  shift 48
	MINUS  shift 49
	MULT  shift 50
	DIV  shift 51
	MOD  shift 52
	AND  shift 53
	OR  shift 54
	EGALE  shift 55
	NEG  shift 56
	SUPS  shift 57
	INFS  shift 58
	SUPE  shift 59
	INFE  shift 60
	IN  shift 111
	EINSTR  shift 62
	.  error


state 99
	expr : LET variable EGALE REF . expr IN expr  (23)

	CONST  shift 3
	VARIABLE  shift 4
	TAFFECT  shift 5
	MINUS  shift 6
	NOT  shift 7
	PRINT  shift 8
	LET  shift 9
	IF  shift 10
	BEGIN  shift 11
	FUN  shift 12
	LPAREN  shift 13
	UNIT  shift 14
	TRY  shift 15
	RAISE  shift 16
	ACCESS  shift 17
	PRSTR  shift 18
	PRNL  shift 19
	AMAKE  shift 20
	.  error

	expr  goto 112
	variable  goto 23
	sexpr  goto 24
	fun_def  goto 25
	funct_call  goto 26


state 100
	expr : LET variable EGALE expr . IN expr  (13)
	expr : expr . EINSTR expr  (16)
	expr : expr . ADD expr  (29)
	expr : expr . MINUS expr  (30)
	expr : expr . MULT expr  (32)
	expr : expr . DIV expr  (33)
	expr : expr . MOD expr  (34)
	expr : expr . AND expr  (37)
	expr : expr . OR expr  (38)
	expr : expr . EGALE expr  (40)
	expr : expr . NEG expr  (41)
	expr : expr . SUPS expr  (42)
	expr : expr . INFS expr  (43)
	expr : expr . SUPE expr  (44)
	expr : expr . INFE expr  (45)

	ADD  shift 48
	MINUS  shift 49
	MULT  shift 50
	DIV  shift 51
	MOD  shift 52
	AND  shift 53
	OR  shift 54
	EGALE  shift 55
	NEG  shift 56
	SUPS  shift 57
	INFS  shift 58
	SUPE  shift 59
	INFE  shift 60
	IN  shift 113
	EINSTR  shift 62
	.  error


state 101
	expr : LET variable UNIT EGALE . expr IN expr  (17)

	CONST  shift 3
	VARIABLE  shift 4
	TAFFECT  shift 5
	MINUS  shift 6
	NOT  shift 7
	PRINT  shift 8
	LET  shift 9
	IF  shift 10
	BEGIN  shift 11
	FUN  shift 12
	LPAREN  shift 13
	UNIT  shift 14
	TRY  shift 15
	RAISE  shift 16
	ACCESS  shift 17
	PRSTR  shift 18
	PRNL  shift 19
	AMAKE  shift 20
	.  error

	expr  goto 114
	variable  goto 23
	sexpr  goto 24
	fun_def  goto 25
	funct_call  goto 26


state 102
	fun_arg : variable EGALE . expr  (48)

	CONST  shift 3
	VARIABLE  shift 4
	TAFFECT  shift 5
	MINUS  shift 6
	NOT  shift 7
	PRINT  shift 8
	LET  shift 9
	IF  shift 10
	BEGIN  shift 11
	FUN  shift 12
	LPAREN  shift 13
	UNIT  shift 14
	TRY  shift 15
	RAISE  shift 16
	ACCESS  shift 17
	PRSTR  shift 18
	PRNL  shift 19
	AMAKE  shift 20
	.  error

	expr  goto 115
	variable  goto 23
	sexpr  goto 24
	fun_def  goto 25
	funct_call  goto 26


state 103
	fun_arg : variable fun_arg .  (47)

	.  reduce 47


state 104
	expr : LET variable fun_arg IN . expr  (18)

	CONST  shift 3
	VARIABLE  shift 4
	TAFFECT  shift 5
	MINUS  shift 6
	NOT  shift 7
	PRINT  shift 8
	LET  shift 9
	IF  shift 10
	BEGIN  shift 11
	FUN  shift 12
	LPAREN  shift 13
	UNIT  shift 14
	TRY  shift 15
	RAISE  shift 16
	ACCESS  shift 17
	PRSTR  shift 18
	PRNL  shift 19
	AMAKE  shift 20
	.  error

	expr  goto 116
	variable  goto 23
	sexpr  goto 24
	fun_def  goto 25
	funct_call  goto 26


state 105
	expr : IF expr THEN expr . ELSE expr  (7)
	expr : expr . EINSTR expr  (16)
	expr : expr . ADD expr  (29)
	expr : expr . MINUS expr  (30)
	expr : expr . MULT expr  (32)
	expr : expr . DIV expr  (33)
	expr : expr . MOD expr  (34)
	expr : expr . AND expr  (37)
	expr : expr . OR expr  (38)
	expr : expr . EGALE expr  (40)
	expr : expr . NEG expr  (41)
	expr : expr . SUPS expr  (42)
	expr : expr . INFS expr  (43)
	expr : expr . SUPE expr  (44)
	expr : expr . INFE expr  (45)

	ADD  shift 48
	MINUS  shift 49
	MULT  shift 50
	DIV  shift 51
	MOD  shift 52
	AND  shift 53
	OR  shift 54
	EGALE  shift 55
	NEG  shift 56
	SUPS  shift 57
	INFS  shift 58
	SUPE  shift 59
	INFE  shift 60
	ELSE  shift 117
	EINSTR  shift 62
	.  error


state 106
	expr : expr . EINSTR expr  (16)
	expr : expr . ADD expr  (29)
	expr : expr . MINUS expr  (30)
	expr : expr . MULT expr  (32)
	expr : expr . DIV expr  (33)
	expr : expr . MOD expr  (34)
	expr : expr . AND expr  (37)
	expr : expr . OR expr  (38)
	expr : expr . EGALE expr  (40)
	expr : expr . NEG expr  (41)
	expr : expr . SUPS expr  (42)
	expr : expr . INFS expr  (43)
	expr : expr . SUPE expr  (44)
	expr : expr . INFE expr  (45)
	fun_arg2 : variable IMPLIES expr .  (50)

	ADD  shift 48
	MINUS  shift 49
	MULT  shift 50
	DIV  shift 51
	MOD  shift 52
	AND  shift 53
	OR  shift 54
	NEG  shift 56
	SUPS  shift 57
	INFS  shift 58
	SUPE  shift 59
	INFE  shift 60
	EGALE  reduce 50
	IN  reduce 50
	THEN  reduce 50
	ELSE  reduce 50
	END  reduce 50
	RPAREN  reduce 50
	EOL  reduce 50
	EINSTR  reduce 50
	WITH  reduce 50


state 107
	expr : TRY expr WITH EXCEPT . variable IMPLIES expr  (21)

	VARIABLE  shift 31
	.  error

	variable  goto 118


state 108
	sexpr : LPAREN expr RPAREN .  (5)

	.  reduce 5


state 109
	expr : expr . EINSTR expr  (16)
	expr : TAFFECT expr RPAREN LARROW expr .  (27)
	expr : expr . ADD expr  (29)
	expr : expr . MINUS expr  (30)
	expr : expr . MULT expr  (32)
	expr : expr . DIV expr  (33)
	expr : expr . MOD expr  (34)
	expr : expr . AND expr  (37)
	expr : expr . OR expr  (38)
	expr : expr . EGALE expr  (40)
	expr : expr . NEG expr  (41)
	expr : expr . SUPS expr  (42)
	expr : expr . INFS expr  (43)
	expr : expr . SUPE expr  (44)
	expr : expr . INFE expr  (45)

	ADD  shift 48
	MINUS  shift 49
	MULT  shift 50
	DIV  shift 51
	MOD  shift 52
	AND  shift 53
	OR  shift 54
	NEG  shift 56
	SUPS  shift 57
	INFS  shift 58
	SUPE  shift 59
	INFE  shift 60
	EGALE  reduce 27
	IN  reduce 27
	THEN  reduce 27
	ELSE  reduce 27
	END  reduce 27
	RPAREN  reduce 27
	EOL  reduce 27
	EINSTR  reduce 27
	WITH  reduce 27


state 110
	expr : LET REC variable fun_arg IN . expr  (19)

	CONST  shift 3
	VARIABLE  shift 4
	TAFFECT  shift 5
	MINUS  shift 6
	NOT  shift 7
	PRINT  shift 8
	LET  shift 9
	IF  shift 10
	BEGIN  shift 11
	FUN  shift 12
	LPAREN  shift 13
	UNIT  shift 14
	TRY  shift 15
	RAISE  shift 16
	ACCESS  shift 17
	PRSTR  shift 18
	PRNL  shift 19
	AMAKE  shift 20
	.  error

	expr  goto 119
	variable  goto 23
	sexpr  goto 24
	fun_def  goto 25
	funct_call  goto 26


state 111
	expr : LET UNDERSCORE EGALE expr IN . expr  (15)

	CONST  shift 3
	VARIABLE  shift 4
	TAFFECT  shift 5
	MINUS  shift 6
	NOT  shift 7
	PRINT  shift 8
	LET  shift 9
	IF  shift 10
	BEGIN  shift 11
	FUN  shift 12
	LPAREN  shift 13
	UNIT  shift 14
	TRY  shift 15
	RAISE  shift 16
	ACCESS  shift 17
	PRSTR  shift 18
	PRNL  shift 19
	AMAKE  shift 20
	.  error

	expr  goto 120
	variable  goto 23
	sexpr  goto 24
	fun_def  goto 25
	funct_call  goto 26


state 112
	expr : expr . EINSTR expr  (16)
	expr : LET variable EGALE REF expr . IN expr  (23)
	expr : expr . ADD expr  (29)
	expr : expr . MINUS expr  (30)
	expr : expr . MULT expr  (32)
	expr : expr . DIV expr  (33)
	expr : expr . MOD expr  (34)
	expr : expr . AND expr  (37)
	expr : expr . OR expr  (38)
	expr : expr . EGALE expr  (40)
	expr : expr . NEG expr  (41)
	expr : expr . SUPS expr  (42)
	expr : expr . INFS expr  (43)
	expr : expr . SUPE expr  (44)
	expr : expr . INFE expr  (45)

	ADD  shift 48
	MINUS  shift 49
	MULT  shift 50
	DIV  shift 51
	MOD  shift 52
	AND  shift 53
	OR  shift 54
	EGALE  shift 55
	NEG  shift 56
	SUPS  shift 57
	INFS  shift 58
	SUPE  shift 59
	INFE  shift 60
	IN  shift 121
	EINSTR  shift 62
	.  error


state 113
	expr : LET variable EGALE expr IN . expr  (13)

	CONST  shift 3
	VARIABLE  shift 4
	TAFFECT  shift 5
	MINUS  shift 6
	NOT  shift 7
	PRINT  shift 8
	LET  shift 9
	IF  shift 10
	BEGIN  shift 11
	FUN  shift 12
	LPAREN  shift 13
	UNIT  shift 14
	TRY  shift 15
	RAISE  shift 16
	ACCESS  shift 17
	PRSTR  shift 18
	PRNL  shift 19
	AMAKE  shift 20
	.  error

	expr  goto 122
	variable  goto 23
	sexpr  goto 24
	fun_def  goto 25
	funct_call  goto 26


state 114
	expr : expr . EINSTR expr  (16)
	expr : LET variable UNIT EGALE expr . IN expr  (17)
	expr : expr . ADD expr  (29)
	expr : expr . MINUS expr  (30)
	expr : expr . MULT expr  (32)
	expr : expr . DIV expr  (33)
	expr : expr . MOD expr  (34)
	expr : expr . AND expr  (37)
	expr : expr . OR expr  (38)
	expr : expr . EGALE expr  (40)
	expr : expr . NEG expr  (41)
	expr : expr . SUPS expr  (42)
	expr : expr . INFS expr  (43)
	expr : expr . SUPE expr  (44)
	expr : expr . INFE expr  (45)

	ADD  shift 48
	MINUS  shift 49
	MULT  shift 50
	DIV  shift 51
	MOD  shift 52
	AND  shift 53
	OR  shift 54
	EGALE  shift 55
	NEG  shift 56
	SUPS  shift 57
	INFS  shift 58
	SUPE  shift 59
	INFE  shift 60
	IN  shift 123
	EINSTR  shift 62
	.  error


state 115
	expr : expr . EINSTR expr  (16)
	expr : expr . ADD expr  (29)
	expr : expr . MINUS expr  (30)
	expr : expr . MULT expr  (32)
	expr : expr . DIV expr  (33)
	expr : expr . MOD expr  (34)
	expr : expr . AND expr  (37)
	expr : expr . OR expr  (38)
	expr : expr . EGALE expr  (40)
	expr : expr . NEG expr  (41)
	expr : expr . SUPS expr  (42)
	expr : expr . INFS expr  (43)
	expr : expr . SUPE expr  (44)
	expr : expr . INFE expr  (45)
	fun_arg : variable EGALE expr .  (48)

	ADD  shift 48
	MINUS  shift 49
	MULT  shift 50
	DIV  shift 51
	MOD  shift 52
	AND  shift 53
	OR  shift 54
	EGALE  shift 55
	NEG  shift 56
	SUPS  shift 57
	INFS  shift 58
	SUPE  shift 59
	INFE  shift 60
	EINSTR  shift 62
	IN  reduce 48


state 116
	expr : expr . EINSTR expr  (16)
	expr : LET variable fun_arg IN expr .  (18)
	expr : expr . ADD expr  (29)
	expr : expr . MINUS expr  (30)
	expr : expr . MULT expr  (32)
	expr : expr . DIV expr  (33)
	expr : expr . MOD expr  (34)
	expr : expr . AND expr  (37)
	expr : expr . OR expr  (38)
	expr : expr . EGALE expr  (40)
	expr : expr . NEG expr  (41)
	expr : expr . SUPS expr  (42)
	expr : expr . INFS expr  (43)
	expr : expr . SUPE expr  (44)
	expr : expr . INFE expr  (45)

	ADD  shift 48
	MINUS  shift 49
	MULT  shift 50
	DIV  shift 51
	MOD  shift 52
	AND  shift 53
	OR  shift 54
	EGALE  shift 55
	NEG  shift 56
	SUPS  shift 57
	INFS  shift 58
	SUPE  shift 59
	INFE  shift 60
	EINSTR  shift 62
	IN  reduce 18
	THEN  reduce 18
	ELSE  reduce 18
	END  reduce 18
	RPAREN  reduce 18
	EOL  reduce 18
	WITH  reduce 18


state 117
	expr : IF expr THEN expr ELSE . expr  (7)

	CONST  shift 3
	VARIABLE  shift 4
	TAFFECT  shift 5
	MINUS  shift 6
	NOT  shift 7
	PRINT  shift 8
	LET  shift 9
	IF  shift 10
	BEGIN  shift 11
	FUN  shift 12
	LPAREN  shift 13
	UNIT  shift 14
	TRY  shift 15
	RAISE  shift 16
	ACCESS  shift 17
	PRSTR  shift 18
	PRNL  shift 19
	AMAKE  shift 20
	.  error

	expr  goto 124
	variable  goto 23
	sexpr  goto 24
	fun_def  goto 25
	funct_call  goto 26


state 118
	expr : TRY expr WITH EXCEPT variable . IMPLIES expr  (21)

	IMPLIES  shift 125
	.  error


state 119
	expr : expr . EINSTR expr  (16)
	expr : LET REC variable fun_arg IN expr .  (19)
	expr : expr . ADD expr  (29)
	expr : expr . MINUS expr  (30)
	expr : expr . MULT expr  (32)
	expr : expr . DIV expr  (33)
	expr : expr . MOD expr  (34)
	expr : expr . AND expr  (37)
	expr : expr . OR expr  (38)
	expr : expr . EGALE expr  (40)
	expr : expr . NEG expr  (41)
	expr : expr . SUPS expr  (42)
	expr : expr . INFS expr  (43)
	expr : expr . SUPE expr  (44)
	expr : expr . INFE expr  (45)

	ADD  shift 48
	MINUS  shift 49
	MULT  shift 50
	DIV  shift 51
	MOD  shift 52
	AND  shift 53
	OR  shift 54
	EGALE  shift 55
	NEG  shift 56
	SUPS  shift 57
	INFS  shift 58
	SUPE  shift 59
	INFE  shift 60
	EINSTR  shift 62
	IN  reduce 19
	THEN  reduce 19
	ELSE  reduce 19
	END  reduce 19
	RPAREN  reduce 19
	EOL  reduce 19
	WITH  reduce 19


state 120
	expr : LET UNDERSCORE EGALE expr IN expr .  (15)
	expr : expr . EINSTR expr  (16)
	expr : expr . ADD expr  (29)
	expr : expr . MINUS expr  (30)
	expr : expr . MULT expr  (32)
	expr : expr . DIV expr  (33)
	expr : expr . MOD expr  (34)
	expr : expr . AND expr  (37)
	expr : expr . OR expr  (38)
	expr : expr . EGALE expr  (40)
	expr : expr . NEG expr  (41)
	expr : expr . SUPS expr  (42)
	expr : expr . INFS expr  (43)
	expr : expr . SUPE expr  (44)
	expr : expr . INFE expr  (45)

	ADD  shift 48
	MINUS  shift 49
	MULT  shift 50
	DIV  shift 51
	MOD  shift 52
	AND  shift 53
	OR  shift 54
	EGALE  shift 55
	NEG  shift 56
	SUPS  shift 57
	INFS  shift 58
	SUPE  shift 59
	INFE  shift 60
	EINSTR  shift 62
	IN  reduce 15
	THEN  reduce 15
	ELSE  reduce 15
	END  reduce 15
	RPAREN  reduce 15
	EOL  reduce 15
	WITH  reduce 15


state 121
	expr : LET variable EGALE REF expr IN . expr  (23)

	CONST  shift 3
	VARIABLE  shift 4
	TAFFECT  shift 5
	MINUS  shift 6
	NOT  shift 7
	PRINT  shift 8
	LET  shift 9
	IF  shift 10
	BEGIN  shift 11
	FUN  shift 12
	LPAREN  shift 13
	UNIT  shift 14
	TRY  shift 15
	RAISE  shift 16
	ACCESS  shift 17
	PRSTR  shift 18
	PRNL  shift 19
	AMAKE  shift 20
	.  error

	expr  goto 126
	variable  goto 23
	sexpr  goto 24
	fun_def  goto 25
	funct_call  goto 26


state 122
	expr : LET variable EGALE expr IN expr .  (13)
	expr : expr . EINSTR expr  (16)
	expr : expr . ADD expr  (29)
	expr : expr . MINUS expr  (30)
	expr : expr . MULT expr  (32)
	expr : expr . DIV expr  (33)
	expr : expr . MOD expr  (34)
	expr : expr . AND expr  (37)
	expr : expr . OR expr  (38)
	expr : expr . EGALE expr  (40)
	expr : expr . NEG expr  (41)
	expr : expr . SUPS expr  (42)
	expr : expr . INFS expr  (43)
	expr : expr . SUPE expr  (44)
	expr : expr . INFE expr  (45)

	ADD  shift 48
	MINUS  shift 49
	MULT  shift 50
	DIV  shift 51
	MOD  shift 52
	AND  shift 53
	OR  shift 54
	EGALE  shift 55
	NEG  shift 56
	SUPS  shift 57
	INFS  shift 58
	SUPE  shift 59
	INFE  shift 60
	EINSTR  shift 62
	IN  reduce 13
	THEN  reduce 13
	ELSE  reduce 13
	END  reduce 13
	RPAREN  reduce 13
	EOL  reduce 13
	WITH  reduce 13


state 123
	expr : LET variable UNIT EGALE expr IN . expr  (17)

	CONST  shift 3
	VARIABLE  shift 4
	TAFFECT  shift 5
	MINUS  shift 6
	NOT  shift 7
	PRINT  shift 8
	LET  shift 9
	IF  shift 10
	BEGIN  shift 11
	FUN  shift 12
	LPAREN  shift 13
	UNIT  shift 14
	TRY  shift 15
	RAISE  shift 16
	ACCESS  shift 17
	PRSTR  shift 18
	PRNL  shift 19
	AMAKE  shift 20
	.  error

	expr  goto 127
	variable  goto 23
	sexpr  goto 24
	fun_def  goto 25
	funct_call  goto 26


state 124
	expr : IF expr THEN expr ELSE expr .  (7)
	expr : expr . EINSTR expr  (16)
	expr : expr . ADD expr  (29)
	expr : expr . MINUS expr  (30)
	expr : expr . MULT expr  (32)
	expr : expr . DIV expr  (33)
	expr : expr . MOD expr  (34)
	expr : expr . AND expr  (37)
	expr : expr . OR expr  (38)
	expr : expr . EGALE expr  (40)
	expr : expr . NEG expr  (41)
	expr : expr . SUPS expr  (42)
	expr : expr . INFS expr  (43)
	expr : expr . SUPE expr  (44)
	expr : expr . INFE expr  (45)

	ADD  shift 48
	MINUS  shift 49
	MULT  shift 50
	DIV  shift 51
	MOD  shift 52
	AND  shift 53
	OR  shift 54
	EGALE  shift 55
	NEG  shift 56
	SUPS  shift 57
	INFS  shift 58
	SUPE  shift 59
	INFE  shift 60
	IN  reduce 7
	THEN  reduce 7
	ELSE  reduce 7
	END  reduce 7
	RPAREN  reduce 7
	EOL  reduce 7
	EINSTR  reduce 7
	WITH  reduce 7


state 125
	expr : TRY expr WITH EXCEPT variable IMPLIES . expr  (21)

	CONST  shift 3
	VARIABLE  shift 4
	TAFFECT  shift 5
	MINUS  shift 6
	NOT  shift 7
	PRINT  shift 8
	LET  shift 9
	IF  shift 10
	BEGIN  shift 11
	FUN  shift 12
	LPAREN  shift 13
	UNIT  shift 14
	TRY  shift 15
	RAISE  shift 16
	ACCESS  shift 17
	PRSTR  shift 18
	PRNL  shift 19
	AMAKE  shift 20
	.  error

	expr  goto 128
	variable  goto 23
	sexpr  goto 24
	fun_def  goto 25
	funct_call  goto 26


state 126
	expr : expr . EINSTR expr  (16)
	expr : LET variable EGALE REF expr IN expr .  (23)
	expr : expr . ADD expr  (29)
	expr : expr . MINUS expr  (30)
	expr : expr . MULT expr  (32)
	expr : expr . DIV expr  (33)
	expr : expr . MOD expr  (34)
	expr : expr . AND expr  (37)
	expr : expr . OR expr  (38)
	expr : expr . EGALE expr  (40)
	expr : expr . NEG expr  (41)
	expr : expr . SUPS expr  (42)
	expr : expr . INFS expr  (43)
	expr : expr . SUPE expr  (44)
	expr : expr . INFE expr  (45)

	ADD  shift 48
	MINUS  shift 49
	MULT  shift 50
	DIV  shift 51
	MOD  shift 52
	AND  shift 53
	OR  shift 54
	EGALE  shift 55
	NEG  shift 56
	SUPS  shift 57
	INFS  shift 58
	SUPE  shift 59
	INFE  shift 60
	EINSTR  shift 62
	IN  reduce 23
	THEN  reduce 23
	ELSE  reduce 23
	END  reduce 23
	RPAREN  reduce 23
	EOL  reduce 23
	WITH  reduce 23


state 127
	expr : expr . EINSTR expr  (16)
	expr : LET variable UNIT EGALE expr IN expr .  (17)
	expr : expr . ADD expr  (29)
	expr : expr . MINUS expr  (30)
	expr : expr . MULT expr  (32)
	expr : expr . DIV expr  (33)
	expr : expr . MOD expr  (34)
	expr : expr . AND expr  (37)
	expr : expr . OR expr  (38)
	expr : expr . EGALE expr  (40)
	expr : expr . NEG expr  (41)
	expr : expr . SUPS expr  (42)
	expr : expr . INFS expr  (43)
	expr : expr . SUPE expr  (44)
	expr : expr . INFE expr  (45)

	ADD  shift 48
	MINUS  shift 49
	MULT  shift 50
	DIV  shift 51
	MOD  shift 52
	AND  shift 53
	OR  shift 54
	EGALE  shift 55
	NEG  shift 56
	SUPS  shift 57
	INFS  shift 58
	SUPE  shift 59
	INFE  shift 60
	EINSTR  shift 62
	IN  reduce 17
	THEN  reduce 17
	ELSE  reduce 17
	END  reduce 17
	RPAREN  reduce 17
	EOL  reduce 17
	WITH  reduce 17


state 128
	expr : expr . EINSTR expr  (16)
	expr : TRY expr WITH EXCEPT variable IMPLIES expr .  (21)
	expr : expr . ADD expr  (29)
	expr : expr . MINUS expr  (30)
	expr : expr . MULT expr  (32)
	expr : expr . DIV expr  (33)
	expr : expr . MOD expr  (34)
	expr : expr . AND expr  (37)
	expr : expr . OR expr  (38)
	expr : expr . EGALE expr  (40)
	expr : expr . NEG expr  (41)
	expr : expr . SUPS expr  (42)
	expr : expr . INFS expr  (43)
	expr : expr . SUPE expr  (44)
	expr : expr . INFE expr  (45)

	ADD  shift 48
	MINUS  shift 49
	MULT  shift 50
	DIV  shift 51
	MOD  shift 52
	AND  shift 53
	OR  shift 54
	NEG  shift 56
	SUPS  shift 57
	INFS  shift 58
	SUPE  shift 59
	INFE  shift 60
	EGALE  reduce 21
	IN  reduce 21
	THEN  reduce 21
	ELSE  reduce 21
	END  reduce 21
	RPAREN  reduce 21
	EOL  reduce 21
	EINSTR  reduce 21
	WITH  reduce 21


48 terminals, 10 nonterminals
55 grammar rules, 129 states
